INFO:  latexindent.pl version 3.24.4, 2024-07-18, a script to indent .tex files
       latexindent.pl lives here: C:/Users/Albert/AppData/Local/Programs/MiKTeX/scripts/latexindent/
       Wed Apr  2 22:27:47 2025
       Filename: c:/Users/Albert/OneDrive/School/ComSci/3/CSC311/MLChallenge/report/model/__latexindent_temp_main.tex
INFO:  Processing switches:
       -y|--yaml: YAML settings specified via command line
       -c|--cruft: cruft directory
INFO:  Directory for backup files and log file c:\Users\Albert\OneDrive\School\ComSci\3\CSC311\MLChallenge\report\indent.log:
       c:\Users\Albert\OneDrive\School\ComSci\3\CSC311\MLChallenge\report\
INFO:  Perl modules are being loaded from the following directories:
       C:/Strawberry/perl/lib/FindBin.pm
       C:/Strawberry/perl/vendor/lib/YAML/Tiny.pm
       C:/Strawberry/perl/lib/File/Copy.pm
       C:/Strawberry/perl/lib/File/Basename.pm
       C:/Strawberry/perl/lib/Getopt/Long.pm
       C:/Strawberry/perl/vendor/lib/File/HomeDir.pm
INFO:  LatexIndent perl modules are being loaded from, for example:
       C:/Users/Albert/AppData/Local/Programs/MiKTeX/scripts/latexindent/LatexIndent/Document.pm
INFO:  YAML settings read: defaultSettings.yaml
       Reading defaultSettings.yaml from C:/Users/Albert/AppData/Local/Programs/MiKTeX/scripts/latexindent/defaultSettings.yaml
INFO:  YAML reading settings
       The config file in "C:\Users\Albert/indentconfig.yaml" will be read
       Reading path information from C:\Users\Albert/indentconfig.yaml
       ---
       paths:
         - C:\Users\Albert\OneDrive\School\.config\latexindentpl\settings.yaml

INFO:  YAML settings, reading from the following files:
       Reading USER settings from C:\Users\Albert\OneDrive\School\.config\latexindentpl\settings.yaml
       ---
       indentRules:
         item: '0'
       lookForAlignDelims:
         align:
           alignContentAfterDoubleBackSlash: '0'
           alignDoubleBackSlash: '0'
           alignFinalDoubleBackSlash: '0'
           alignRowsWithoutMaxDelims: '1'
           delimiterJustification: left
           delimiterRegEx: (?<!\\)(&)
           delims: '1'
           dontMeasure: '0'
           justification: left
           lookForChildCodeBlocks: '1'
           multiColumnGrouping: '0'
           spacesAfterAmpersand: '0'
           spacesAfterDoubleBackSlash: '1'
           spacesBeforeAmpersand: '1'
           spacesBeforeDoubleBackSlash: '1'
         align*:
           alignContentAfterDoubleBackSlash: '0'
           alignDoubleBackSlash: '0'
           alignFinalDoubleBackSlash: '0'
           alignRowsWithoutMaxDelims: '1'
           delimiterJustification: left
           delimiterRegEx: (?<!\\)(&)
           delims: '1'
           dontMeasure: '0'
           justification: left
           lookForChildCodeBlocks: '1'
           multiColumnGrouping: '0'
           spacesAfterAmpersand: '0'
           spacesAfterDoubleBackSlash: '1'
           spacesBeforeAmpersand: '1'
           spacesBeforeDoubleBackSlash: '1'
       noAdditionalIndentGlobal:
         items: '1'

INFO:  YAML settings read: -y switch
       YAML setting: defaultIndent:'    '
       single-quoted string found in -y switch: '    ', substitute to     
       Updating mainSettings with defaultIndent:     
INFO:  Phase 1: searching for objects
INFO:  Phase 2: finding surrounding indentation
INFO:  Phase 3: indenting objects
INFO:  Phase 4: final indentation check
INFO:  Output routine:
       Not outputting to file; see -w and -o switches for more options.
       --------------
INFO:  Please direct all communication/issues to:
        https://github.com/cmhughes/latexindent.pl
